<?xml version="1.0" encoding="UTF-8"?>
<!-- Generated by org.testng.reporters.JUnitXMLReporter -->
<testsuite ignored="0" hostname="SST-TOWER-022" failures="2" tests="5" name="Test 2" time="0.024" errors="0" timestamp="2024-07-29T18:33:53 IST">
  <testcase classname="Test.Practice" name="Test_3" time="0.001"/>
  <testcase classname="Test.Practice" name="test2" time="0.002">
    <failure type="java.lang.ArithmeticException" message="/ by zero">
      <![CDATA[java.lang.ArithmeticException: / by zero
at Test.Practice.test2(Practice.java:45)
at java.base/java.util.ArrayList.forEach(ArrayList.java:1597)
... Removed 25 stack frames]]>
    </failure>
  </testcase> <!-- test2 -->
  <testcase classname="Test.Practice" name="test_5" time="0.005">
    <failure type="java.lang.AssertionError" message="did not expect [entry] but found [entry]">
      <![CDATA[java.lang.AssertionError: did not expect [entry] but found [entry]
at Test.Practice.test_5(Practice.java:62)
at java.base/java.util.ArrayList.forEach(ArrayList.java:1597)
... Removed 30 stack frames]]>
    </failure>
  </testcase> <!-- test_5 -->
  <testcase classname="Test.Practice" name="test" time="0.001"/>
  <testcase classname="Test.Practice" name="Test_4" time="0.0">
    <skipped/>
  </testcase> <!-- Test_4 -->
</testsuite> <!-- Test 2 -->
