<?xml version="1.0" encoding="UTF-8"?>
<!-- Generated by org.testng.reporters.JUnitXMLReporter -->
<testsuite ignored="0" hostname="SST-TOWER-022" failures="3" tests="5" name="Test" time="9.38" errors="0" timestamp="2024-09-01T12:14:12 IST">
  <testcase classname="Java.java2" name="invocation" time="0.042">
    <failure type="java.lang.AssertionError" message="expected [jame] but found [james]">
      <![CDATA[java.lang.AssertionError: expected [jame] but found [james]
at Java.java2.invocation(java2.java:34)
at java.base/java.util.concurrent.ThreadPoolExecutor.runWorker(ThreadPoolExecutor.java:1144)
at java.base/java.util.concurrent.ThreadPoolExecutor$Worker.run(ThreadPoolExecutor.java:642)
at java.base/java.lang.Thread.run(Thread.java:1570)
... Removed 16 stack frames]]>
    </failure>
  </testcase> <!-- invocation -->
  <testcase classname="Java.java2" name="invocation" time="0.002">
    <failure type="java.lang.AssertionError" message="expected [jame] but found [james]">
      <![CDATA[java.lang.AssertionError: expected [jame] but found [james]
at Java.java2.invocation(java2.java:34)
at java.base/java.util.concurrent.ThreadPoolExecutor.runWorker(ThreadPoolExecutor.java:1144)
at java.base/java.util.concurrent.ThreadPoolExecutor$Worker.run(ThreadPoolExecutor.java:642)
at java.base/java.lang.Thread.run(Thread.java:1570)
... Removed 16 stack frames]]>
    </failure>
  </testcase> <!-- invocation -->
  <testcase classname="Java.java2" name="invocation" time="0.003">
    <failure type="java.lang.AssertionError" message="expected [jame] but found [james]">
      <![CDATA[java.lang.AssertionError: expected [jame] but found [james]
at Java.java2.invocation(java2.java:34)
at java.base/java.util.concurrent.ThreadPoolExecutor.runWorker(ThreadPoolExecutor.java:1144)
at java.base/java.util.concurrent.ThreadPoolExecutor$Worker.run(ThreadPoolExecutor.java:642)
at java.base/java.lang.Thread.run(Thread.java:1570)
... Removed 16 stack frames]]>
    </failure>
  </testcase> <!-- invocation -->
  <testcase classname="Java.java2" name="edge" time="5.298"/>
  <testcase classname="Java.java2" name="edge" time="3.985"/>
</testsuite> <!-- Test -->
